<?xml version="1.0" encoding="UTF-8"?>
<testng-results ignored="0" total="1" passed="1" failed="0" skipped="0">
  <reporter-output>
  </reporter-output>
  <suite started-at="2023-04-12T11:14:30 IST" name="Default suite" finished-at="2023-04-12T11:14:30 IST" duration-ms="54">
    <groups>
    </groups>
    <test started-at="2023-04-12T11:14:30 IST" name="Default test" finished-at="2023-04-12T11:14:30 IST" duration-ms="54">
      <class name="sample.hi">
        <test-method signature="trial()[pri:0, instance:sample.hi@78aab498]" started-at="2023-04-12T11:14:30 IST" name="trial" finished-at="2023-04-12T11:14:30 IST" duration-ms="13" status="PASS">
          <reporter-output>
          </reporter-output>
        </test-method> <!-- trial -->
      </class> <!-- sample.hi -->
    </test> <!-- Default test -->
  </suite> <!-- Default suite -->
</testng-results>
